{"level":"info","message":"Login page requested","timestamp":"2016-11-01T21:10:41.368Z"}
{"level":"info","message":"CC created new account","timestamp":"2016-11-01T21:11:03.777Z"}
{"level":"info","message":"Login page requested","timestamp":"2016-11-01T21:11:03.791Z"}
{"level":"info","message":"Login page requested","timestamp":"2016-11-01T21:19:02.193Z"}
{"level":"info","message":"CCC created new account","timestamp":"2016-11-01T21:19:23.638Z"}
{"level":"info","message":"Login page requested","timestamp":"2016-11-01T21:19:23.648Z"}
{"level":"info","message":"CCC logged in","timestamp":"2016-11-01T21:19:34.217Z"}
{"level":"info","message":"CCC redirected to Homepage","timestamp":"2016-11-01T21:19:34.228Z"}
{"level":"info","message":"CCC redirected to Homepage","timestamp":"2016-11-01T21:33:20.418Z"}
{"level":"info","message":"CCC logged out","timestamp":"2016-11-01T21:33:23.679Z"}
{"level":"info","message":"Login page requested","timestamp":"2016-11-01T21:33:23.823Z"}
{"level":"info","message":"Login page requested","timestamp":"2016-11-01T21:38:12.672Z"}
{"level":"info","message":"Login page requested","timestamp":"2016-11-01T21:39:53.031Z"}
{"level":"info","message":"Login page requested","timestamp":"2016-11-01T21:42:23.212Z"}
{"level":"info","message":"Login page requested","timestamp":"2016-11-01T21:44:14.301Z"}
{"level":"info","message":"Login page requested","timestamp":"2016-11-01T21:46:00.502Z"}
{"level":"info","message":"Login page requested","timestamp":"2016-11-01T21:47:09.963Z"}
{"level":"info","message":"cccccc created new account","timestamp":"2016-11-01T21:47:29.611Z"}
{"level":"info","message":"Login page requested","timestamp":"2016-11-01T21:47:29.621Z"}
{"level":"info","message":"cccccc logged in","timestamp":"2016-11-01T21:47:35.807Z"}
{"level":"info","message":"cccccc redirected to Homepage","timestamp":"2016-11-01T21:47:35.820Z"}
{"level":"info","message":"Login page requested","timestamp":"2016-11-01T23:42:35.957Z"}
{"level":"info","message":"Login page requested","timestamp":"2016-11-01T23:43:43.529Z"}
{"level":"info","message":"arunabh05 logged in","timestamp":"2016-11-01T23:43:53.374Z"}
{"level":"info","message":"arunabh05 redirected to Homepage","timestamp":"2016-11-01T23:43:53.388Z"}
{"level":"info","message":"arunabh05 redirected to User Profile","timestamp":"2016-11-01T23:44:46.089Z"}
{"level":"info","message":"Login page requested","timestamp":"2016-11-01T23:47:44.376Z"}
{"level":"info","message":"arunabh05 logged in","timestamp":"2016-11-01T23:47:53.030Z"}
{"level":"info","message":"arunabh05 redirected to Homepage","timestamp":"2016-11-01T23:47:53.107Z"}
{"level":"info","message":"arunabh05 logged out","timestamp":"2016-11-01T23:48:28.496Z"}
{"level":"info","message":"Login page requested","timestamp":"2016-11-01T23:48:28.529Z"}
{"level":"info","message":"arunabh05 logged in","timestamp":"2016-11-01T23:48:36.736Z"}
{"level":"info","message":"arunabh05 redirected to Homepage","timestamp":"2016-11-01T23:48:36.748Z"}
{"level":"info","message":"arunabh05 logged out","timestamp":"2016-11-01T23:48:39.034Z"}
{"level":"info","message":"Login page requested","timestamp":"2016-11-01T23:48:39.065Z"}
{"level":"info","message":"Login page requested","timestamp":"2016-11-02T00:01:50.024Z"}
{"level":"info","message":"Login page requested","timestamp":"2016-11-02T00:03:50.388Z"}
{"level":"info","message":"Login page requested","timestamp":"2016-11-02T00:03:57.333Z"}
{"level":"info","message":"Login page requested","timestamp":"2016-11-02T00:03:57.362Z"}
{"level":"info","message":"Login page requested","timestamp":"2016-11-02T00:04:19.043Z"}
{"level":"info","message":"Login page requested","timestamp":"2016-11-02T00:04:19.063Z"}
{"level":"info","message":"Login page requested","timestamp":"2016-11-02T00:06:02.608Z"}
{"level":"info","message":"Login page requested","timestamp":"2016-11-02T00:06:22.602Z"}
{"level":"info","message":"Login page requested","timestamp":"2016-11-02T00:06:32.407Z"}
{"level":"info","message":"Login page requested","timestamp":"2016-11-02T00:06:32.434Z"}
{"level":"info","message":"Login page requested","timestamp":"2016-11-02T00:06:42.590Z"}
{"level":"info","message":"Login page requested","timestamp":"2016-11-02T00:06:42.613Z"}
{"level":"info","message":"Login page requested","timestamp":"2016-11-02T00:08:01.018Z"}
{"level":"info","message":"Login page requested","timestamp":"2016-11-02T00:08:01.044Z"}
{"level":"info","message":"Login page requested","timestamp":"2016-11-02T00:09:54.397Z"}
{"level":"info","message":"Login page requested","timestamp":"2016-11-02T00:10:01.718Z"}
{"level":"info","message":"Login page requested","timestamp":"2016-11-02T00:10:01.746Z"}
{"level":"info","message":"Login page requested","timestamp":"2016-11-02T00:12:57.163Z"}
{"level":"info","message":"Login page requested","timestamp":"2016-11-02T00:14:32.514Z"}
{"level":"info","message":"Login page requested","timestamp":"2016-11-02T00:15:39.769Z"}
{"level":"info","message":"Login page requested","timestamp":"2016-11-02T00:15:46.334Z"}
{"level":"info","message":"Login page requested","timestamp":"2016-11-02T00:15:46.364Z"}
{"level":"info","message":"Login page requested","timestamp":"2016-11-02T00:19:27.995Z"}
{"level":"info","message":"Login page requested","timestamp":"2016-11-02T00:19:34.001Z"}
{"level":"info","message":"Login page requested","timestamp":"2016-11-02T00:19:34.030Z"}
{"level":"info","message":"Login page requested","timestamp":"2016-11-02T00:26:25.328Z"}
{"level":"info","message":"Login page requested","timestamp":"2016-11-02T00:27:59.780Z"}
{"level":"info","message":"Login page requested","timestamp":"2016-11-02T00:29:23.071Z"}
{"level":"info","message":"Login page requested","timestamp":"2016-11-02T00:29:48.515Z"}
{"level":"info","message":"Login page requested","timestamp":"2016-11-02T00:30:33.358Z"}
{"level":"info","message":"Login page requested","timestamp":"2016-11-02T00:32:03.970Z"}
{"level":"info","message":"Login page requested","timestamp":"2016-11-02T00:32:59.043Z"}
{"level":"info","message":"Login page requested","timestamp":"2016-11-02T00:34:14.447Z"}
{"level":"info","message":"Login page requested","timestamp":"2016-11-02T00:34:21.188Z"}
{"level":"info","message":"Login page requested","timestamp":"2016-11-02T00:34:21.216Z"}
{"level":"info","message":"Login page requested","timestamp":"2016-11-02T00:35:56.485Z"}
{"level":"info","message":"Login page requested","timestamp":"2016-11-02T00:36:04.651Z"}
{"level":"info","message":"Login page requested","timestamp":"2016-11-02T00:36:04.678Z"}
{"level":"info","message":"Login page requested","timestamp":"2016-11-02T00:36:27.577Z"}
{"level":"info","message":"Login page requested","timestamp":"2016-11-02T00:38:58.407Z"}
{"level":"info","message":"Login page requested","timestamp":"2016-11-02T00:41:22.782Z"}
{"level":"info","message":"Login page requested","timestamp":"2016-11-02T05:15:45.879Z"}
{"level":"info","message":"Login page requested","timestamp":"2016-11-02T05:19:12.188Z"}
{"level":"info","message":"Login page requested","timestamp":"2016-11-02T05:23:20.432Z"}
{"level":"info","message":"Login page requested","timestamp":"2016-11-02T05:25:17.799Z"}
{"level":"info","message":"Login page requested","timestamp":"2016-11-02T05:25:21.582Z"}
{"level":"info","message":"Login page requested","timestamp":"2016-11-02T05:25:21.609Z"}
{"level":"info","message":"Login page requested","timestamp":"2016-11-02T05:26:01.645Z"}
{"level":"info","message":"Login page requested","timestamp":"2016-11-02T05:26:32.778Z"}
{"level":"info","message":"Login page requested","timestamp":"2016-11-02T05:28:08.592Z"}
{"level":"info","message":"Login page requested","timestamp":"2016-11-02T05:29:23.204Z"}
{"level":"info","message":"Login page requested","timestamp":"2016-11-02T05:29:23.662Z"}
{"level":"info","message":"Login page requested","timestamp":"2016-11-02T05:30:18.431Z"}
{"level":"info","message":"Login page requested","timestamp":"2016-11-02T05:31:28.917Z"}
{"level":"info","message":"Login page requested","timestamp":"2016-11-02T05:32:39.937Z"}
{"level":"info","message":"Login page requested","timestamp":"2016-11-02T05:32:46.766Z"}
{"level":"info","message":"Login page requested","timestamp":"2016-11-02T05:33:38.206Z"}
{"level":"info","message":"Login page requested","timestamp":"2016-11-02T05:35:39.140Z"}
{"level":"info","message":"Login page requested","timestamp":"2016-11-02T05:36:39.811Z"}
{"level":"info","message":"Login page requested","timestamp":"2016-11-02T05:38:24.102Z"}
{"level":"info","message":"Login page requested","timestamp":"2016-11-02T05:42:05.162Z"}
{"level":"info","message":"Login page requested","timestamp":"2016-11-02T05:46:34.609Z"}
{"level":"info","message":"Login page requested","timestamp":"2016-11-02T05:50:31.762Z"}
{"level":"info","message":"Login page requested","timestamp":"2016-11-02T05:51:36.115Z"}
{"level":"info","message":"Login page requested","timestamp":"2016-11-02T05:51:51.293Z"}
{"level":"info","message":"Login page requested","timestamp":"2016-11-02T05:52:31.761Z"}
{"level":"info","message":"Login page requested","timestamp":"2016-11-02T05:52:33.766Z"}
{"level":"info","message":"Login page requested","timestamp":"2016-11-02T05:52:41.002Z"}
{"level":"info","message":"Login page requested","timestamp":"2016-11-02T05:56:29.000Z"}
{"level":"info","message":"arunabh05 logged out","timestamp":"2016-11-02T05:57:33.879Z"}
{"level":"info","message":"Login page requested","timestamp":"2016-11-02T05:57:33.910Z"}
{"level":"info","message":"arunabh05 logged out","timestamp":"2016-11-02T05:58:36.041Z"}
{"level":"info","message":"Login page requested","timestamp":"2016-11-02T05:58:36.076Z"}
{"level":"info","message":"arunabh05 redirected to Cart","timestamp":"2016-11-02T05:58:48.128Z"}
{"level":"info","message":"arunabh05 logged out","timestamp":"2016-11-02T06:43:02.329Z"}
{"level":"info","message":"Login page requested","timestamp":"2016-11-02T06:43:02.363Z"}
{"level":"info","message":"Login page requested","timestamp":"2016-11-02T06:44:16.407Z"}
{"level":"info","message":"arunabh05 logged out","timestamp":"2016-11-02T06:44:27.122Z"}
{"level":"info","message":"Login page requested","timestamp":"2016-11-02T06:44:27.162Z"}
{"level":"info","message":"Login page requested","timestamp":"2016-11-02T06:50:06.483Z"}
{"level":"info","message":"arunabh05 redirected to Homepage","timestamp":"2016-11-02T06:50:14.274Z"}
{"level":"info","message":"arunabh05 logged out","timestamp":"2016-11-02T06:50:17.418Z"}
{"level":"info","message":"Login page requested","timestamp":"2016-11-02T06:50:17.456Z"}
{"level":"info","message":"Login page requested","timestamp":"2016-11-02T07:11:10.998Z"}
{"level":"info","message":"arunabh05 redirected to Homepage","timestamp":"2016-11-02T07:11:18.708Z"}
{"level":"info","message":"arunabh05 redirected to User Profile","timestamp":"2016-11-02T07:11:22.615Z"}
{"level":"info","message":"arunabh05 redirected to User Profile","timestamp":"2016-11-02T07:12:22.276Z"}
{"level":"info","message":"arunabh05 redirected to User Profile","timestamp":"2016-11-02T07:13:41.479Z"}
{"level":"info","message":"arunabh05 redirected to User Profile","timestamp":"2016-11-02T07:15:41.944Z"}
{"level":"info","message":"Login page requested","timestamp":"2016-11-02T07:16:36.896Z"}
{"level":"info","message":"arunabh05 redirected to Homepage","timestamp":"2016-11-02T07:16:44.909Z"}
{"level":"info","message":"arunabh05 redirected to User Profile","timestamp":"2016-11-02T07:16:53.407Z"}
{"level":"info","message":"arunabh05 redirected to User Profile","timestamp":"2016-11-02T07:17:41.587Z"}
{"level":"info","message":"arunabh05 redirected to User Profile","timestamp":"2016-11-02T07:17:42.207Z"}
{"level":"info","message":"arunabh05 redirected to Homepage","timestamp":"2016-11-02T07:17:49.198Z"}
{"level":"info","message":"arunabh05 redirected to User Profile","timestamp":"2016-11-02T07:18:10.365Z"}
{"level":"info","message":"arunabh05 redirected to User Profile","timestamp":"2016-11-02T07:20:01.040Z"}
{"level":"info","message":"Login page requested","timestamp":"2016-11-02T07:20:12.957Z"}
{"level":"info","message":"Login page requested","timestamp":"2016-11-02T07:20:13.214Z"}
{"level":"info","message":"arunabh05 redirected to Homepage","timestamp":"2016-11-02T07:20:23.564Z"}
{"level":"info","message":"arunabh05 redirected to User Profile","timestamp":"2016-11-02T07:20:36.101Z"}
{"level":"info","message":"arunabh05 redirected to User Profile","timestamp":"2016-11-02T07:22:36.116Z"}
{"level":"info","message":"arunabh05 redirected to User Profile","timestamp":"2016-11-02T07:24:36.273Z"}
{"level":"info","message":"arunabh05 redirected to User Profile","timestamp":"2016-11-02T07:24:57.345Z"}
{"level":"info","message":"Login page requested","timestamp":"2016-11-02T07:25:00.629Z"}
{"level":"info","message":"Login page requested","timestamp":"2016-11-02T07:25:01.332Z"}
{"level":"info","message":"arunabh05 redirected to Homepage","timestamp":"2016-11-02T07:25:07.997Z"}
{"level":"info","message":"arunabh05 redirected to User Profile","timestamp":"2016-11-02T07:25:10.578Z"}
{"level":"info","message":"arunabh05 redirected to Homepage","timestamp":"2016-11-02T07:26:50.219Z"}
{"level":"info","message":"arunabh05 redirected to User Profile","timestamp":"2016-11-02T07:26:52.847Z"}
{"level":"info","message":"arunabh05 redirected to Homepage","timestamp":"2016-11-02T07:27:55.417Z"}
{"level":"info","message":"arunabh05 redirected to User Profile","timestamp":"2016-11-02T07:27:57.509Z"}
{"level":"info","message":"arunabh05 redirected to User Profile","timestamp":"2016-11-02T07:28:23.514Z"}
{"level":"info","message":"arunabh05 redirected to User Profile","timestamp":"2016-11-02T07:28:24.711Z"}
{"level":"info","message":"arunabh05 redirected to User Profile","timestamp":"2016-11-02T07:38:55.897Z"}
{"level":"info","message":"arunabh05 redirected to purchase history","timestamp":"2016-11-02T07:38:58.351Z"}
{"level":"info","message":"arunabh05 redirected to Homepage","timestamp":"2016-11-02T07:38:59.690Z"}
{"level":"info","message":"arunabh05 redirected to Homepage","timestamp":"2016-11-02T07:40:19.247Z"}
{"level":"info","message":"Login page requested","timestamp":"2016-11-02T07:47:34.454Z"}
{"level":"info","message":"arunabh05 redirected to Homepage","timestamp":"2016-11-02T07:47:46.784Z"}
{"level":"info","message":"arunabh05 logged out","timestamp":"2016-11-02T07:47:51.695Z"}
{"level":"info","message":"Login page requested","timestamp":"2016-11-02T07:47:51.732Z"}
{"level":"info","message":"Login page requested","timestamp":"2016-11-02T07:48:28.749Z"}
{"level":"info","message":"arunabh05 redirected to Homepage","timestamp":"2016-11-02T07:48:34.546Z"}
{"level":"info","message":"arunabh05 logged out","timestamp":"2016-11-02T07:48:36.690Z"}
{"level":"info","message":"Login page requested","timestamp":"2016-11-02T07:48:36.731Z"}
{"level":"info","message":"Login page requested","timestamp":"2016-11-02T07:50:38.671Z"}
{"level":"info","message":"arunabh05 redirected to Homepage","timestamp":"2016-11-02T07:50:45.026Z"}
{"level":"info","message":"arunabh05 logged out","timestamp":"2016-11-02T07:50:48.164Z"}
{"level":"info","message":"Login page requested","timestamp":"2016-11-02T07:50:48.180Z"}
{"level":"info","message":"Login page requested","timestamp":"2016-11-02T08:02:09.647Z"}
{"level":"info","message":"arunabh05 redirected to Homepage","timestamp":"2016-11-02T08:02:16.648Z"}
{"level":"info","message":"arunabh05 clicked on: Add to Cart added itemID: 0.8170049467589706","timestamp":"2016-11-02T08:02:22.116Z"}
{"level":"info","message":"arunabh05 logged out","timestamp":"2016-11-02T08:05:30.537Z"}
{"level":"info","message":"Login page requested","timestamp":"2016-11-02T08:05:30.563Z"}
{"level":"info","message":"arunabh05 redirected to Homepage","timestamp":"2016-11-02T08:05:36.028Z"}
{"level":"info","message":"arunabh05 clicked on: Add to Cart added itemID: 0.8170049467589706","timestamp":"2016-11-02T08:05:38.604Z"}
{"level":"info","message":"arunabh05 redirected to Cart","timestamp":"2016-11-02T08:05:39.875Z"}
{"level":"info","message":"arunabh05 removed CartId:undefined from cart","timestamp":"2016-11-02T08:05:47.557Z"}
{"level":"info","message":"arunabh05 redirected to Cart","timestamp":"2016-11-02T08:05:47.641Z"}
{"level":"info","message":"arunabh05 redirected to Homepage","timestamp":"2016-11-02T08:05:52.462Z"}
{"level":"info","message":"arunabh05 clicked on: Add to Cart added itemID: 0.8170049467589706","timestamp":"2016-11-02T08:06:26.738Z"}
{"level":"info","message":"arunabh05 redirected to Cart","timestamp":"2016-11-02T08:06:27.734Z"}
{"level":"info","message":"arunabh05 redirected to Homepage","timestamp":"2016-11-02T08:06:30.741Z"}
{"level":"info","message":"arunabh05 clicked on: Add to Cart added itemID: 0.8170049467589706","timestamp":"2016-11-02T08:06:32.110Z"}
{"level":"info","message":"arunabh05 redirected to Cart","timestamp":"2016-11-02T08:06:32.854Z"}
{"level":"info","message":"arunabh05 redirected to Homepage","timestamp":"2016-11-02T08:06:36.171Z"}
{"level":"info","message":"arunabh05 clicked on: Add to Cart added itemID: 0.8170049467589706","timestamp":"2016-11-02T08:06:39.987Z"}
{"level":"info","message":"arunabh05 clicked on: Add to Cart added itemID: 0.8170049467589706","timestamp":"2016-11-02T08:06:43.802Z"}
{"level":"info","message":"arunabh05 clicked on: Add to Cart added itemID: 0.8170049467589706","timestamp":"2016-11-02T08:06:46.856Z"}
{"level":"info","message":"arunabh05 redirected to Cart","timestamp":"2016-11-02T08:06:48.226Z"}
{"level":"info","message":"arunabh05 removed CartId:undefined from cart","timestamp":"2016-11-02T08:07:33.915Z"}
{"level":"info","message":"arunabh05 redirected to Cart","timestamp":"2016-11-02T08:07:33.951Z"}
{"level":"info","message":"arunabh05 redirected to Homepage","timestamp":"2016-11-02T08:07:38.121Z"}
{"level":"info","message":"arunabh05 clicked on: Add to Cart added itemID: 0.8170049467589706","timestamp":"2016-11-02T08:07:58.545Z"}
{"level":"info","message":"arunabh05 redirected to Cart","timestamp":"2016-11-02T08:08:00.454Z"}
{"level":"info","message":"arunabh05 redirected to Homepage","timestamp":"2016-11-02T08:08:10.296Z"}
{"level":"info","message":"arunabh05 redirected to selling history","timestamp":"2016-11-02T08:08:11.924Z"}
{"level":"info","message":"arunabh05 redirected to purchase history","timestamp":"2016-11-02T08:08:14.686Z"}
{"level":"info","message":"arunabh05 redirected to selling history","timestamp":"2016-11-02T08:08:17.908Z"}
{"level":"info","message":"arunabh05 redirected to Homepage","timestamp":"2016-11-02T08:08:22.074Z"}
{"level":"info","message":"arunabh05 logged out","timestamp":"2016-11-02T08:08:39.625Z"}
{"level":"info","message":"Login page requested","timestamp":"2016-11-02T08:08:39.640Z"}
{"level":"info","message":"Login page requested","timestamp":"2016-11-02T08:47:38.146Z"}
{"level":"info","message":"arunabh05 redirected to Homepage","timestamp":"2016-11-02T08:47:44.625Z"}
{"level":"info","message":"arunabh05 clicked on: Add to Cart added itemID: 0.8170049467589706","timestamp":"2016-11-02T08:47:48.977Z"}
{"level":"info","message":"arunabh05 redirected to Cart","timestamp":"2016-11-02T08:47:49.934Z"}
{"level":"info","message":"arunabh05 redirected to User Profile","timestamp":"2016-11-02T08:47:52.828Z"}
{"level":"info","message":"arunabh05 clicked on: Update Profile","timestamp":"2016-11-02T08:48:10.143Z"}
{"level":"info","message":"arunabh05 redirected to User Profile","timestamp":"2016-11-02T08:50:12.433Z"}
{"level":"info","message":"arunabh05 clicked on: Update Profile","timestamp":"2016-11-02T08:50:25.044Z"}
{"level":"info","message":"arunabh05 redirected to User Profile","timestamp":"2016-11-02T08:52:40.495Z"}
{"level":"info","message":"arunabh05 clicked on: Update Profile","timestamp":"2016-11-02T08:52:49.649Z"}
{"level":"info","message":"arunabh05 redirected to User Profile","timestamp":"2016-11-02T08:53:45.492Z"}
{"level":"info","message":"arunabh05 clicked on: Update Profile","timestamp":"2016-11-02T08:53:54.502Z"}
{"level":"info","message":"arunabh05 logged out","timestamp":"2016-11-02T08:54:17.232Z"}
{"level":"info","message":"Login page requested","timestamp":"2016-11-02T08:54:17.248Z"}
{"level":"info","message":"Login page requested","timestamp":"2016-11-02T08:55:48.712Z"}
{"level":"info","message":"Login page requested","timestamp":"2016-11-02T08:55:48.733Z"}
{"level":"info","message":"Login page requested","timestamp":"2016-11-02T08:55:56.166Z"}
{"level":"info","message":"Login page requested","timestamp":"2016-11-02T08:55:56.198Z"}
{"level":"info","message":"Login page requested","timestamp":"2016-11-02T08:56:03.722Z"}
{"level":"info","message":"Login page requested","timestamp":"2016-11-02T08:56:03.754Z"}
{"level":"info","message":"Login page requested","timestamp":"2016-11-02T08:56:51.373Z"}
{"level":"info","message":"Login page requested","timestamp":"2016-11-02T08:56:51.390Z"}
{"level":"info","message":"Login page requested","timestamp":"2016-11-02T08:58:36.220Z"}
{"level":"info","message":"Login page requested","timestamp":"2016-11-02T08:58:36.240Z"}
{"level":"info","message":"Login page requested","timestamp":"2016-11-02T08:59:53.587Z"}
{"level":"info","message":"Login page requested","timestamp":"2016-11-02T08:59:53.610Z"}
{"level":"info","message":"Login page requested","timestamp":"2016-11-02T09:01:17.764Z"}
{"level":"info","message":"Login page requested","timestamp":"2016-11-02T09:01:27.971Z"}
{"level":"info","message":"Login page requested","timestamp":"2016-11-02T09:01:27.992Z"}
{"level":"info","message":"arunabh05 created new account","timestamp":"2016-11-02T09:02:35.308Z"}
{"level":"info","message":"Login page requested","timestamp":"2016-11-02T09:02:35.328Z"}
{"level":"info","message":"arunabh05 redirected to Homepage","timestamp":"2016-11-02T09:02:41.039Z"}
{"level":"info","message":"arunabh05 redirected to User Profile","timestamp":"2016-11-02T09:02:53.000Z"}
{"level":"info","message":"arunabh05 clicked on: Update Profile","timestamp":"2016-11-02T09:03:06.603Z"}
{"level":"info","message":"arunabh05 redirected to purchase history","timestamp":"2016-11-02T09:03:15.636Z"}
{"level":"info","message":"arunabh05 redirected to Homepage","timestamp":"2016-11-02T09:03:16.929Z"}
{"level":"info","message":"arunabh05 clicked on: Add to Cart added itemID: 0.8170049467589706","timestamp":"2016-11-02T09:03:21.952Z"}
{"level":"info","message":"arunabh05 redirected to selling history","timestamp":"2016-11-02T09:03:31.668Z"}
{"level":"info","message":"arunabh05 redirected to User Profile","timestamp":"2016-11-02T09:03:34.067Z"}
{"level":"info","message":"arunabh05 redirected to Homepage","timestamp":"2016-11-02T09:03:36.390Z"}
{"level":"info","message":"arunabh05 requested ebayHandle: aru","timestamp":"2016-11-02T09:03:40.227Z"}
{"level":"info","message":"arunabh05 redirected to Homepage","timestamp":"2016-11-02T09:03:47.666Z"}
{"level":"info","message":"arunabh05 logged out","timestamp":"2016-11-02T09:24:01.592Z"}
{"level":"info","message":"Login page requested","timestamp":"2016-11-02T09:24:01.621Z"}
{"level":"info","message":"arunabh05 redirected to Homepage","timestamp":"2016-11-02T09:24:10.242Z"}
{"level":"info","message":"arunabh05 redirected to Sell Item","timestamp":"2016-11-02T09:24:13.876Z"}
{"level":"info","message":"arunabh05 clicked on: Sell. Product Name:Canon PowerShot SX410 IS (Black)","timestamp":"2016-11-02T09:26:15.798Z"}
{"level":"info","message":"arunabh05 redirected to Sell Item","timestamp":"2016-11-02T09:31:05.461Z"}
{"level":"info","message":"arunabh05 clicked on: Sell. Product Name:Cannon PowerShot","timestamp":"2016-11-02T09:31:28.868Z"}
{"level":"info","message":"arunabh05 redirected to Sell Item","timestamp":"2016-11-02T09:32:07.553Z"}
{"level":"info","message":"arunabh05 clicked on: Sell. Product Name:Cannon Powershot","timestamp":"2016-11-02T09:32:27.561Z"}
{"level":"info","message":"arunabh05 redirected to Sell Item","timestamp":"2016-11-02T09:55:56.484Z"}
{"level":"info","message":"arunabh05 redirected to selling history","timestamp":"2016-11-02T09:55:59.434Z"}
{"level":"info","message":"arunabh05 redirected to selling history","timestamp":"2016-11-02T09:58:57.252Z"}
{"level":"info","message":"arunabh05 redirected to selling history","timestamp":"2016-11-02T10:05:53.568Z"}
{"level":"info","message":"arunabh05 redirected to purchase history","timestamp":"2016-11-02T10:05:55.866Z"}
{"level":"info","message":"arunabh05 redirected to Homepage","timestamp":"2016-11-02T10:06:11.939Z"}
{"level":"info","message":"arunabh05 clicked on: Add to Cart added itemID: 0.8170049467589706","timestamp":"2016-11-02T10:06:13.782Z"}
{"level":"info","message":"arunabh05 redirected to Cart","timestamp":"2016-11-02T10:06:14.896Z"}
{"level":"info","message":"arunabh05 checked out items from cart","timestamp":"2016-11-02T10:06:16.515Z"}
{"level":"info","message":"arunabh05 redirected to Payment","timestamp":"2016-11-02T10:06:16.602Z"}
{"level":"info","message":"arunabh05 paid 500","timestamp":"2016-11-02T10:06:23.949Z"}
{"level":"info","message":"arunabh05 redirected to Homepage","timestamp":"2016-11-02T10:06:24.972Z"}
{"level":"info","message":"arunabh05 redirected to purchase history","timestamp":"2016-11-02T10:06:27.829Z"}
{"level":"info","message":"arunabh05 redirected to selling history","timestamp":"2016-11-02T10:06:57.504Z"}
{"level":"info","message":"arunabh05 redirected to purchase history","timestamp":"2016-11-02T10:07:00.497Z"}
{"level":"info","message":"arunabh05 redirected to selling history","timestamp":"2016-11-02T10:07:04.907Z"}
{"level":"info","message":"arunabh05 redirected to purchase history","timestamp":"2016-11-02T10:07:08.156Z"}
{"level":"info","message":"arunabh05 redirected to purchase history","timestamp":"2016-11-02T10:20:29.761Z"}
{"level":"info","message":"arunabh05 redirected to Homepage","timestamp":"2016-11-02T10:20:33.148Z"}
{"level":"info","message":"arunabh05 requested ebayHandle: aru","timestamp":"2016-11-02T10:20:36.087Z"}
{"level":"info","message":"arunabh05 logged out","timestamp":"2016-11-02T10:21:42.638Z"}
{"level":"info","message":"Login page requested","timestamp":"2016-11-02T10:21:42.666Z"}
{"level":"info","message":"arunabh05 redirected to Homepage","timestamp":"2016-11-02T10:21:54.743Z"}
{"level":"info","message":"arunabh05 requested ebayHandle: aru","timestamp":"2016-11-02T10:22:11.977Z"}
{"level":"info","message":"arunabh05 logged out","timestamp":"2016-11-02T10:23:17.617Z"}
{"level":"info","message":"Login page requested","timestamp":"2016-11-02T10:23:17.636Z"}
{"level":"info","message":"Login page requested","timestamp":"2016-11-02T10:23:38.100Z"}
{"level":"info","message":"arunabh05 redirected to Homepage","timestamp":"2016-11-02T10:23:42.567Z"}
{"level":"info","message":"arunabh05 requested ebayHandle: aru","timestamp":"2016-11-02T10:23:45.832Z"}
{"level":"info","message":"arunabh05 redirected to Homepage","timestamp":"2016-11-02T10:25:45.031Z"}
{"level":"info","message":"arunabh05 requested ebayHandle: aru","timestamp":"2016-11-02T10:25:47.732Z"}
{"level":"info","message":"arunabh05 redirected to Homepage","timestamp":"2016-11-02T10:26:20.779Z"}
{"level":"info","message":"arunabh05 redirected to Homepage","timestamp":"2016-11-02T10:26:21.822Z"}
{"level":"info","message":"arunabh05 redirected to Homepage","timestamp":"2016-11-02T10:26:22.562Z"}
{"level":"info","message":"arunabh05 redirected to Homepage","timestamp":"2016-11-02T10:26:23.087Z"}
{"level":"info","message":"arunabh05 requested ebayHandle: aru","timestamp":"2016-11-02T10:26:25.043Z"}
{"level":"info","message":"Login page requested","timestamp":"2016-11-02T10:28:12.018Z"}
{"level":"info","message":"arunabh05 redirected to Homepage","timestamp":"2016-11-02T10:28:19.365Z"}
{"level":"info","message":"arunabh05 requested ebayHandle: aru","timestamp":"2016-11-02T10:28:21.629Z"}
{"level":"info","message":"arunabh05 requested ebayHandle: aru","timestamp":"2016-11-02T10:45:51.259Z"}
{"level":"info","message":"arunabh05 redirected to Homepage","timestamp":"2016-11-02T10:45:54.301Z"}
{"level":"info","message":"arunabh05 redirected to Cart","timestamp":"2016-11-02T10:45:56.028Z"}
{"level":"info","message":"arunabh05 redirected to User Profile","timestamp":"2016-11-02T10:45:59.181Z"}
{"level":"info","message":"arunabh05 redirected to Homepage","timestamp":"2016-11-02T10:46:07.293Z"}
{"level":"info","message":"arunabh05 redirected to User Profile","timestamp":"2016-11-02T10:46:09.670Z"}
{"level":"info","message":"arunabh05 redirected to Cart","timestamp":"2016-11-02T10:46:21.685Z"}
{"level":"info","message":"arunabh05 redirected to Homepage","timestamp":"2016-11-02T10:46:25.893Z"}
{"level":"info","message":"arunabh05 redirected to User Profile","timestamp":"2016-11-02T10:46:30.593Z"}
{"level":"info","message":"arunabh05 redirected to Homepage","timestamp":"2016-11-02T10:48:20.414Z"}
{"level":"info","message":"arunabh05 redirected to User Profile","timestamp":"2016-11-02T10:48:25.368Z"}
{"level":"info","message":"arunabh05 redirected to Cart","timestamp":"2016-11-02T10:48:27.655Z"}
{"level":"info","message":"arunabh05 redirected to Homepage","timestamp":"2016-11-02T10:48:30.372Z"}
{"level":"info","message":"arunabh05 clicked on: Add to Cart added itemID: 0.8170049467589706","timestamp":"2016-11-02T10:48:32.330Z"}
{"level":"info","message":"arunabh05 redirected to Cart","timestamp":"2016-11-02T10:48:33.488Z"}
{"level":"info","message":"arunabh05 removed CartId:undefined from cart","timestamp":"2016-11-02T10:48:36.213Z"}
{"level":"info","message":"arunabh05 redirected to Cart","timestamp":"2016-11-02T10:58:03.176Z"}
{"level":"info","message":"arunabh05 removed CartId:0.8170049467589706 from cart","timestamp":"2016-11-02T10:58:06.844Z"}
{"level":"info","message":"arunabh05 redirected to Cart","timestamp":"2016-11-02T10:58:06.884Z"}
{"level":"info","message":"arunabh05 redirected to Homepage","timestamp":"2016-11-02T10:58:11.610Z"}
{"level":"info","message":"arunabh05 redirected to User Profile","timestamp":"2016-11-02T10:58:13.289Z"}
{"level":"info","message":"arunabh05 redirected to Homepage","timestamp":"2016-11-02T10:58:14.462Z"}
{"level":"info","message":"arunabh05 clicked on: Add to Cart added itemID: 0.8170049467589706","timestamp":"2016-11-02T10:58:16.029Z"}
{"level":"info","message":"arunabh05 redirected to Cart","timestamp":"2016-11-02T10:58:17.967Z"}
{"level":"info","message":"arunabh05 removed CartId:0.8170049467589706 from cart","timestamp":"2016-11-02T10:58:19.755Z"}
{"level":"info","message":"arunabh05 redirected to Cart","timestamp":"2016-11-02T10:58:19.790Z"}
{"level":"info","message":"arunabh05 redirected to Cart","timestamp":"2016-11-02T21:41:51.349Z"}
{"level":"info","message":"arunabh05 redirected to User Profile","timestamp":"2016-11-02T21:41:55.109Z"}
{"level":"info","message":"arunabh05 redirected to Homepage","timestamp":"2016-11-02T21:41:56.231Z"}
{"level":"info","message":"arunabh05 clicked on: Add to Cart added itemID: 0.8170049467589706","timestamp":"2016-11-02T21:41:58.881Z"}
{"level":"info","message":"arunabh05 redirected to Cart","timestamp":"2016-11-02T21:42:00.209Z"}
{"level":"info","message":"arunabh05 checked out items from cart","timestamp":"2016-11-02T21:42:02.864Z"}
{"level":"info","message":"arunabh05 redirected to Payment","timestamp":"2016-11-02T21:42:02.917Z"}
{"level":"info","message":"arunabh05 paid undefined","timestamp":"2016-11-02T21:42:10.837Z"}
{"level":"info","message":"arunabh05 redirected to Homepage","timestamp":"2016-11-02T21:42:11.856Z"}
{"level":"info","message":"arunabh05 requested /higgestBidder","timestamp":"2016-11-02T21:43:49.661Z"}
{"level":"info","message":"arunabh05 redirected to Homepage","timestamp":"2016-11-02T21:43:53.349Z"}
{"level":"info","message":"arunabh05 requested /higgestBidder","timestamp":"2016-11-02T21:44:29.513Z"}
{"level":"info","message":"arunabh05 redirected to Homepage","timestamp":"2016-11-02T21:44:40.113Z"}
{"level":"info","message":"arunabh05 clicked on: Add to Cart added itemID: 0.8170049467589706","timestamp":"2016-11-02T21:45:54.948Z"}
{"level":"info","message":"arunabh05 redirected to Cart","timestamp":"2016-11-02T21:45:56.425Z"}
{"level":"info","message":"arunabh05 checked out items from cart","timestamp":"2016-11-02T21:45:58.120Z"}
{"level":"info","message":"arunabh05 redirected to Payment","timestamp":"2016-11-02T21:45:58.167Z"}
{"level":"info","message":"arunabh05 redirected to Homepage","timestamp":"2016-11-02T22:01:07.999Z"}
{"level":"info","message":"arunabh05 logged out","timestamp":"2016-11-02T22:01:22.775Z"}
{"level":"info","message":"Login page requested","timestamp":"2016-11-02T22:01:22.791Z"}
{"level":"info","message":"aru redirected to Homepage","timestamp":"2016-11-02T22:01:30.047Z"}
{"level":"info","message":"aru redirected to Sell Item","timestamp":"2016-11-02T22:03:14.481Z"}
{"level":"info","message":"aru clicked on: Sell. Product Name:ASUS Chromebook","timestamp":"2016-11-02T22:03:33.428Z"}
{"level":"info","message":"aru logged out","timestamp":"2016-11-02T22:03:35.714Z"}
{"level":"info","message":"Login page requested","timestamp":"2016-11-02T22:03:35.729Z"}
{"level":"info","message":"Login page requested","timestamp":"2016-11-02T22:03:42.156Z"}
{"level":"info","message":"Login page requested","timestamp":"2016-11-02T22:03:42.189Z"}
{"level":"info","message":"aru redirected to Homepage","timestamp":"2016-11-02T22:03:47.553Z"}
{"level":"info","message":"aru logged out","timestamp":"2016-11-02T22:03:52.313Z"}
{"level":"info","message":"Login page requested","timestamp":"2016-11-02T22:03:52.328Z"}
{"level":"info","message":"arunabh05 redirected to Homepage","timestamp":"2016-11-02T22:04:01.880Z"}
{"level":"info","message":"arunabh05 redirected to Sell Item","timestamp":"2016-11-02T22:04:14.109Z"}
{"level":"info","message":"arunabh05 clicked on: Sell. Product Name:ASUS Chromebook","timestamp":"2016-11-02T22:04:31.315Z"}
{"level":"info","message":"arunabh05 redirected to Sell Item","timestamp":"2016-11-02T22:05:35.837Z"}
{"level":"info","message":"arunabh05 clicked on: Sell. Product Name:ASUS Chromebook","timestamp":"2016-11-02T22:05:53.964Z"}
{"level":"info","message":"arunabh05 logged out","timestamp":"2016-11-02T22:06:00.733Z"}
{"level":"info","message":"Login page requested","timestamp":"2016-11-02T22:06:00.749Z"}
{"level":"info","message":"aru redirected to Homepage","timestamp":"2016-11-02T22:06:04.658Z"}
{"level":"info","message":"aru placed a bid on item id: undefined amount: 211","timestamp":"2016-11-02T22:06:13.030Z"}
{"level":"info","message":"aru redirected to Homepage","timestamp":"2016-11-02T22:08:03.540Z"}
{"level":"info","message":"aru placed a bid on item id: undefined amount: 211","timestamp":"2016-11-02T22:08:10.777Z"}
{"level":"info","message":"aru redirected to Homepage","timestamp":"2016-11-02T22:10:46.427Z"}
{"level":"info","message":"aru placed a bid on item id: undefined amount: 212","timestamp":"2016-11-02T22:10:52.875Z"}
{"level":"info","message":"aru logged out","timestamp":"2016-11-02T23:34:06.830Z"}
{"level":"info","message":"Login page requested","timestamp":"2016-11-02T23:34:06.855Z"}
{"level":"info","message":"Login page requested","timestamp":"2016-11-03T02:49:32.801Z"}
{"level":"info","message":"Login page requested","timestamp":"2016-11-03T02:49:39.596Z"}
{"level":"info","message":"Login page requested","timestamp":"2016-11-03T02:49:39.626Z"}
{"level":"info","message":"arunabh05 redirected to Homepage","timestamp":"2016-11-03T02:49:47.140Z"}
{"level":"info","message":"arunabh05 requested /higgestBidder","timestamp":"2016-11-03T02:49:51.995Z"}
{"level":"info","message":"arunabh05 requested /higgestBidder","timestamp":"2016-11-03T02:51:50.614Z"}
{"level":"info","message":"arunabh05 requested /higgestBidder","timestamp":"2016-11-03T02:53:39.077Z"}
{"level":"info","message":"arunabh05 requested /higgestBidder","timestamp":"2016-11-03T02:53:40.383Z"}
{"level":"info","message":"arunabh05 requested /higgestBidder","timestamp":"2016-11-03T02:53:40.994Z"}
{"level":"info","message":"arunabh05 requested /higgestBidder","timestamp":"2016-11-03T02:53:41.498Z"}
{"level":"info","message":"arunabh05 redirected to Sell Item","timestamp":"2016-11-03T02:53:55.799Z"}
{"level":"info","message":"arunabh05 redirected to Homepage","timestamp":"2016-11-03T02:53:57.081Z"}
{"level":"info","message":"arunabh05 redirected to Cart","timestamp":"2016-11-03T02:53:58.220Z"}
{"level":"info","message":"arunabh05 redirected to Homepage","timestamp":"2016-11-03T02:54:01.199Z"}
{"level":"info","message":"arunabh05 redirected to User Profile","timestamp":"2016-11-03T02:54:07.367Z"}
{"level":"info","message":"arunabh05 redirected to selling history","timestamp":"2016-11-03T02:54:10.226Z"}
{"level":"info","message":"arunabh05 redirected to selling history","timestamp":"2016-11-03T02:55:17.259Z"}
{"level":"info","message":"arunabh05 redirected to selling history","timestamp":"2016-11-03T02:55:19.382Z"}
{"level":"info","message":"arunabh05 redirected to selling history","timestamp":"2016-11-03T02:55:24.029Z"}
{"level":"info","message":"arunabh05 redirected to selling history","timestamp":"2016-11-03T02:55:25.646Z"}
{"level":"info","message":"arunabh05 redirected to selling history","timestamp":"2016-11-03T02:55:55.625Z"}
{"level":"info","message":"arunabh05 redirected to selling history","timestamp":"2016-11-03T02:55:57.687Z"}
{"level":"info","message":"arunabh05 redirected to selling history","timestamp":"2016-11-03T02:56:19.320Z"}
{"level":"info","message":"arunabh05 redirected to selling history","timestamp":"2016-11-03T03:00:23.080Z"}
{"level":"info","message":"arunabh05 redirected to selling history","timestamp":"2016-11-03T03:00:24.321Z"}
{"level":"info","message":"arunabh05 redirected to selling history","timestamp":"2016-11-03T03:00:26.566Z"}
{"level":"info","message":"arunabh05 redirected to selling history","timestamp":"2016-11-03T03:01:01.420Z"}
{"level":"info","message":"arunabh05 redirected to selling history","timestamp":"2016-11-03T03:01:06.053Z"}
{"level":"info","message":"arunabh05 redirected to selling history","timestamp":"2016-11-03T03:01:13.459Z"}
{"level":"info","message":"arunabh05 redirected to selling history","timestamp":"2016-11-03T03:01:42.320Z"}
{"level":"info","message":"arunabh05 redirected to selling history","timestamp":"2016-11-03T03:01:49.361Z"}
{"level":"info","message":"arunabh05 redirected to selling history","timestamp":"2016-11-03T03:01:51.277Z"}
{"level":"info","message":"arunabh05 redirected to selling history","timestamp":"2016-11-03T03:02:15.788Z"}
{"level":"info","message":"arunabh05 redirected to selling history","timestamp":"2016-11-03T03:02:18.822Z"}
{"level":"info","message":"arunabh05 redirected to selling history","timestamp":"2016-11-03T03:02:30.467Z"}
{"level":"info","message":"arunabh05 redirected to selling history","timestamp":"2016-11-03T03:02:31.715Z"}
{"level":"info","message":"arunabh05 redirected to selling history","timestamp":"2016-11-03T03:02:36.079Z"}
{"level":"info","message":"arunabh05 redirected to Homepage","timestamp":"2016-11-03T03:02:43.443Z"}
{"level":"info","message":"arunabh05 requested /higgestBidder","timestamp":"2016-11-03T03:02:45.477Z"}
{"level":"info","message":"arunabh05 redirected to User Profile","timestamp":"2016-11-03T03:02:48.074Z"}
{"level":"info","message":"arunabh05 redirected to Homepage","timestamp":"2016-11-03T03:02:49.466Z"}
